2026-07-17 18:24:00,997 INFO aestimo Total layer number: 5
2026-07-17 18:24:00,997 INFO aestimo Total number of materials in database: 27
2026-07-17 18:24:18,582 INFO aestimo Ntotal2d 4.82e-08 m**-2
2026-07-17 18:24:18,593 INFO aestimo Iteration: 1
2026-07-17 18:24:19,714 INFO aestimo calculation time  1.12205 s
2026-07-17 18:24:21,959 INFO aestimo Total layer number: 35
2026-07-17 18:24:21,960 INFO aestimo Total number of materials in database: 27
2026-07-17 18:24:37,150 INFO aestimo Ntotal2d 4.82e-08 m**-2
2026-07-17 18:24:37,156 INFO aestimo Iteration: 1
2026-07-17 18:24:38,178 INFO aestimo calculation time  1.02286 s
2026-07-17 18:24:40,216 INFO aestimo Total layer number: 35
2026-07-17 18:24:40,216 INFO aestimo Total number of materials in database: 27
2026-07-17 18:24:54,752 INFO aestimo Ntotal2d 4.82e-08 m**-2
2026-07-17 18:24:54,758 INFO aestimo Iteration: 1
2026-07-17 18:24:55,837 INFO aestimo calculation time  1.07886 s
2026-07-17 18:26:46,673 INFO aestimo Total layer number: 5
2026-07-17 18:26:46,675 INFO aestimo Total number of materials in database: 27
2026-07-17 18:26:56,325 INFO aestimo Ntotal2d 4.82e-08 m**-2
2026-07-17 18:26:56,330 INFO aestimo Iteration: 1
2026-07-17 18:26:56,991 INFO aestimo calculation time  0.660717 s
2026-07-17 18:27:15,504 INFO aestimo Total layer number: 5
2026-07-17 18:27:15,504 INFO aestimo Total number of materials in database: 27
2026-07-17 18:27:24,647 INFO aestimo Ntotal2d 4.82e-08 m**-2
2026-07-17 18:27:24,653 INFO aestimo Iteration: 1
2026-07-17 18:27:25,308 INFO aestimo calculation time  0.654843 s
2026-07-17 18:27:29,080 INFO aestimo Total layer number: 35
2026-07-17 18:27:29,081 INFO aestimo Total number of materials in database: 27
2026-07-17 18:27:39,733 INFO aestimo Ntotal2d 4.82e-08 m**-2
2026-07-17 18:27:39,739 INFO aestimo Iteration: 1
2026-07-17 18:27:40,402 INFO aestimo calculation time  0.664365 s
2026-07-17 18:28:52,868 INFO aestimo Total layer number: 35
2026-07-17 18:28:52,869 INFO aestimo Total number of materials in database: 27
2026-07-17 18:29:02,094 INFO aestimo Ntotal2d 4.82e-08 m**-2
2026-07-17 18:29:02,101 INFO aestimo Iteration: 1
2026-07-17 18:29:02,760 INFO aestimo calculation time  0.658468 s
2026-07-17 18:30:28,832 INFO aestimo Total layer number: 5
2026-07-17 18:30:28,832 INFO aestimo Total number of materials in database: 27
2026-07-17 18:30:38,032 INFO aestimo Ntotal2d 4.82e-08 m**-2
2026-07-17 18:30:38,038 INFO aestimo Iteration: 1
2026-07-17 18:30:38,701 INFO aestimo calculation time  0.663203 s
2026-07-17 18:30:39,960 INFO aestimo Total layer number: 35
2026-07-17 18:30:39,960 INFO aestimo Total number of materials in database: 27
2026-07-17 18:30:50,453 INFO aestimo Ntotal2d 4.82e-08 m**-2
2026-07-17 18:30:50,459 INFO aestimo Iteration: 1
2026-07-17 18:30:51,134 INFO aestimo calculation time  0.675752 s
2026-07-17 18:59:52,173 INFO aestimo Total layer number: 5
2026-07-17 18:59:52,173 INFO aestimo Total number of materials in database: 27
2026-07-17 19:00:11,291 INFO aestimo Ntotal2d 4.82e-08 m**-2
2026-07-17 19:00:11,301 INFO aestimo Iteration: 1
2026-07-17 19:00:12,252 INFO aestimo calculation time  0.951808 s
2026-07-17 19:00:13,056 INFO aestimo Total layer number: 35
2026-07-17 19:00:13,057 INFO aestimo Total number of materials in database: 27
2026-07-17 19:00:28,730 INFO aestimo Ntotal2d 4.82e-08 m**-2
2026-07-17 19:00:28,738 INFO aestimo Iteration: 1
2026-07-17 19:00:29,643 INFO aestimo calculation time  0.904805 s
2026-07-17 19:02:26,109 INFO aestimo Total layer number: 35
2026-07-17 19:02:26,109 INFO aestimo Total number of materials in database: 27
2026-07-17 19:02:42,928 INFO aestimo Ntotal2d 4.82e-08 m**-2
2026-07-17 19:02:42,936 INFO aestimo Iteration: 1
2026-07-17 19:02:43,792 INFO aestimo calculation time  0.856325 s
2026-07-17 19:04:46,942 INFO aestimo Total layer number: 35
2026-07-17 19:04:46,944 INFO aestimo Total number of materials in database: 27
2026-07-17 19:04:59,774 INFO aestimo Ntotal2d 4.82e-08 m**-2
2026-07-17 19:04:59,782 INFO aestimo Iteration: 1
2026-07-17 19:05:00,609 INFO aestimo calculation time  0.827138 s
2026-07-17 19:07:55,987 INFO aestimo Total layer number: 35
2026-07-17 19:07:55,988 INFO aestimo Total number of materials in database: 27
2026-07-17 19:08:23,055 INFO aestimo Ntotal2d 4.82e-08 m**-2
2026-07-17 19:08:23,072 INFO aestimo Iteration: 1
2026-07-17 19:08:24,788 INFO aestimo calculation time  1.71576 s
