2026-07-17 15:40:17,975 INFO aestimo Total layer number: 5
2026-07-17 15:40:17,975 INFO aestimo Total number of materials in database: 27
2026-07-17 15:40:28,900 INFO aestimo Ntotal2d 4.82e-08 m**-2
2026-07-17 15:40:28,905 INFO aestimo Iteration: 1
2026-07-17 15:40:29,551 INFO aestimo calculation time  0.646026 s
2026-07-17 15:41:19,680 INFO aestimo Total layer number: 5
2026-07-17 15:41:19,680 INFO aestimo Total number of materials in database: 27
2026-07-17 15:41:32,676 INFO aestimo Ntotal2d 4.82e-08 m**-2
2026-07-17 15:41:32,676 INFO aestimo Iteration: 1
2026-07-17 15:41:33,587 INFO aestimo calculation time  0.911007 s
2026-07-17 15:43:51,363 INFO aestimo Total layer number: 5
2026-07-17 15:43:51,363 INFO aestimo Total number of materials in database: 27
2026-07-17 15:44:05,938 INFO aestimo Ntotal2d 4.82e-08 m**-2
2026-07-17 15:44:05,954 INFO aestimo Iteration: 1
2026-07-17 15:44:06,793 INFO aestimo calculation time  0.839288 s
2026-07-17 15:44:49,010 INFO aestimo Total layer number: 5
2026-07-17 15:44:49,014 INFO aestimo Total number of materials in database: 27
2026-07-17 15:45:03,176 INFO aestimo Ntotal2d 4.82e-08 m**-2
2026-07-17 15:45:03,183 INFO aestimo Iteration: 1
2026-07-17 15:45:04,178 INFO aestimo calculation time  0.994449 s
2026-07-17 15:45:05,639 INFO aestimo Total layer number: 5
2026-07-17 15:45:05,639 INFO aestimo Total number of materials in database: 27
2026-07-17 15:45:22,622 INFO aestimo Ntotal2d 4.82e-08 m**-2
2026-07-17 15:45:22,633 INFO aestimo Iteration: 1
2026-07-17 15:45:24,203 INFO aestimo calculation time  1.57038 s
2026-07-17 15:45:25,220 INFO aestimo Total layer number: 5
2026-07-17 15:45:25,231 INFO aestimo Total number of materials in database: 27
2026-07-17 15:45:41,453 INFO aestimo Ntotal2d 4.82e-08 m**-2
2026-07-17 15:45:41,462 INFO aestimo Iteration: 1
2026-07-17 15:45:42,637 INFO aestimo calculation time  1.1741 s
2026-07-17 15:45:43,420 INFO aestimo Total layer number: 5
2026-07-17 15:45:43,421 INFO aestimo Total number of materials in database: 27
2026-07-17 15:45:59,090 INFO aestimo Ntotal2d 4.82e-08 m**-2
2026-07-17 15:45:59,098 INFO aestimo Iteration: 1
2026-07-17 15:46:00,205 INFO aestimo calculation time  1.10784 s
2026-07-17 15:46:01,438 INFO aestimo Total layer number: 5
2026-07-17 15:46:01,439 INFO aestimo Total number of materials in database: 27
2026-07-17 15:46:24,028 INFO aestimo Ntotal2d 4.82e-08 m**-2
2026-07-17 15:46:24,040 INFO aestimo Iteration: 1
2026-07-17 15:46:25,610 INFO aestimo calculation time  1.56985 s
2026-07-17 15:46:26,620 INFO aestimo Total layer number: 5
2026-07-17 15:46:26,620 INFO aestimo Total number of materials in database: 27
2026-07-17 15:46:41,987 INFO aestimo Ntotal2d 4.82e-08 m**-2
2026-07-17 15:46:41,995 INFO aestimo Iteration: 1
2026-07-17 15:46:43,142 INFO aestimo calculation time  1.14654 s
2026-07-17 15:46:44,534 INFO aestimo Total layer number: 5
2026-07-17 15:46:44,534 INFO aestimo Total number of materials in database: 27
2026-07-17 15:47:06,659 INFO aestimo Ntotal2d 4.82e-08 m**-2
2026-07-17 15:47:06,668 INFO aestimo Iteration: 1
2026-07-17 15:47:07,890 INFO aestimo calculation time  1.22174 s
2026-07-17 15:47:08,824 INFO aestimo Total layer number: 5
2026-07-17 15:47:08,824 INFO aestimo Total number of materials in database: 27
2026-07-17 15:47:28,043 INFO aestimo Ntotal2d 4.82e-08 m**-2
2026-07-17 15:47:28,053 INFO aestimo Iteration: 1
2026-07-17 15:47:28,971 INFO aestimo calculation time  0.917781 s
2026-07-17 15:47:29,877 INFO aestimo Total layer number: 5
2026-07-17 15:47:29,878 INFO aestimo Total number of materials in database: 27
2026-07-17 15:47:46,337 INFO aestimo Ntotal2d 4.82e-08 m**-2
2026-07-17 15:47:46,348 INFO aestimo Iteration: 1
2026-07-17 15:47:47,421 INFO aestimo calculation time  1.07361 s
2026-07-17 15:47:48,380 INFO aestimo Total layer number: 5
2026-07-17 15:47:48,380 INFO aestimo Total number of materials in database: 27
2026-07-17 15:48:05,615 INFO aestimo Ntotal2d 4.82e-08 m**-2
2026-07-17 15:48:05,624 INFO aestimo Iteration: 1
2026-07-17 15:48:06,587 INFO aestimo calculation time  0.962367 s
2026-07-17 15:48:07,458 INFO aestimo Total layer number: 5
2026-07-17 15:48:07,458 INFO aestimo Total number of materials in database: 27
2026-07-17 15:48:24,853 INFO aestimo Ntotal2d 4.82e-08 m**-2
2026-07-17 15:48:24,865 INFO aestimo Iteration: 1
2026-07-17 15:48:26,318 INFO aestimo calculation time  1.45199 s
2026-07-17 15:48:27,317 INFO aestimo Total layer number: 5
2026-07-17 15:48:27,317 INFO aestimo Total number of materials in database: 27
2026-07-17 15:48:44,769 INFO aestimo Ntotal2d 4.82e-08 m**-2
2026-07-17 15:48:44,771 INFO aestimo Iteration: 1
2026-07-17 15:48:45,827 INFO aestimo calculation time  1.05619 s
2026-07-17 15:48:46,655 INFO aestimo Total layer number: 5
2026-07-17 15:48:46,655 INFO aestimo Total number of materials in database: 27
2026-07-17 15:49:04,021 INFO aestimo Ntotal2d 4.82e-08 m**-2
2026-07-17 15:49:04,033 INFO aestimo Iteration: 1
2026-07-17 15:49:04,937 INFO aestimo calculation time  0.904731 s
2026-07-17 15:49:05,855 INFO aestimo Total layer number: 5
2026-07-17 15:49:05,855 INFO aestimo Total number of materials in database: 27
2026-07-17 15:49:22,597 INFO aestimo Ntotal2d 4.82e-08 m**-2
2026-07-17 15:49:22,606 INFO aestimo Iteration: 1
2026-07-17 15:49:23,570 INFO aestimo calculation time  0.96455 s
2026-07-17 15:49:25,201 INFO aestimo Total layer number: 35
2026-07-17 15:49:25,201 INFO aestimo Total number of materials in database: 27
2026-07-17 15:49:38,952 INFO aestimo Ntotal2d 4.82e-08 m**-2
2026-07-17 15:49:38,955 INFO aestimo Iteration: 1
2026-07-17 15:49:39,705 INFO aestimo calculation time  0.750022 s
2026-07-17 15:51:03,121 INFO aestimo Total layer number: 5
2026-07-17 15:51:03,121 INFO aestimo Total number of materials in database: 27
2026-07-17 15:51:14,621 INFO aestimo Ntotal2d 4.82e-08 m**-2
2026-07-17 15:51:14,638 INFO aestimo Iteration: 1
2026-07-17 15:51:15,548 INFO aestimo calculation time  0.910774 s
2026-07-17 15:51:16,796 INFO aestimo Total layer number: 5
2026-07-17 15:51:16,796 INFO aestimo Total number of materials in database: 27
2026-07-17 15:51:27,490 INFO aestimo Ntotal2d 4.82e-08 m**-2
2026-07-17 15:51:27,499 INFO aestimo Iteration: 1
2026-07-17 15:51:28,300 INFO aestimo calculation time  0.801805 s
2026-07-17 15:51:29,006 INFO aestimo Total layer number: 5
2026-07-17 15:51:29,006 INFO aestimo Total number of materials in database: 27
2026-07-17 15:51:40,368 INFO aestimo Ntotal2d 4.82e-08 m**-2
2026-07-17 15:51:40,374 INFO aestimo Iteration: 1
2026-07-17 15:51:41,131 INFO aestimo calculation time  0.756155 s
2026-07-17 15:51:41,825 INFO aestimo Total layer number: 5
2026-07-17 15:51:41,825 INFO aestimo Total number of materials in database: 27
2026-07-17 15:51:53,387 INFO aestimo Ntotal2d 4.82e-08 m**-2
2026-07-17 15:51:53,404 INFO aestimo Iteration: 1
2026-07-17 15:51:54,137 INFO aestimo calculation time  0.733608 s
2026-07-17 15:51:54,813 INFO aestimo Total layer number: 5
2026-07-17 15:51:54,813 INFO aestimo Total number of materials in database: 27
2026-07-17 15:52:06,521 INFO aestimo Ntotal2d 4.82e-08 m**-2
2026-07-17 15:52:06,537 INFO aestimo Iteration: 1
2026-07-17 15:52:07,554 INFO aestimo calculation time  1.01675 s
2026-07-17 15:52:08,312 INFO aestimo Total layer number: 5
2026-07-17 15:52:08,313 INFO aestimo Total number of materials in database: 27
2026-07-17 15:52:19,721 INFO aestimo Ntotal2d 4.82e-08 m**-2
2026-07-17 15:52:19,726 INFO aestimo Iteration: 1
2026-07-17 15:52:20,677 INFO aestimo calculation time  0.95181 s
2026-07-17 17:59:39,882 INFO aestimo Total layer number: 5
2026-07-17 17:59:39,883 INFO aestimo Total number of materials in database: 27
2026-07-17 17:59:54,967 INFO aestimo Ntotal2d 4.82e-08 m**-2
2026-07-17 17:59:54,978 INFO aestimo Iteration: 1
2026-07-17 17:59:56,247 INFO aestimo calculation time  1.26878 s
2026-07-17 17:59:58,510 INFO aestimo Total layer number: 5
2026-07-17 17:59:58,510 INFO aestimo Total number of materials in database: 27
2026-07-17 18:00:20,727 INFO aestimo Ntotal2d 4.82e-08 m**-2
2026-07-17 18:00:20,739 INFO aestimo Iteration: 1
2026-07-17 18:00:22,308 INFO aestimo calculation time  1.56932 s
2026-07-17 18:00:23,448 INFO aestimo Total layer number: 5
2026-07-17 18:00:23,449 INFO aestimo Total number of materials in database: 27
2026-07-17 18:00:45,103 INFO aestimo Ntotal2d 4.82e-08 m**-2
2026-07-17 18:00:45,115 INFO aestimo Iteration: 1
2026-07-17 18:00:46,629 INFO aestimo calculation time  1.51415 s
2026-07-17 18:00:48,380 INFO aestimo Total layer number: 5
2026-07-17 18:00:48,381 INFO aestimo Total number of materials in database: 27
2026-07-17 18:01:09,423 INFO aestimo Ntotal2d 4.82e-08 m**-2
2026-07-17 18:01:09,432 INFO aestimo Iteration: 1
2026-07-17 18:01:10,809 INFO aestimo calculation time  1.37682 s
2026-07-17 18:01:12,048 INFO aestimo Total layer number: 5
2026-07-17 18:01:12,050 INFO aestimo Total number of materials in database: 27
2026-07-17 18:01:32,839 INFO aestimo Ntotal2d 4.82e-08 m**-2
2026-07-17 18:01:32,850 INFO aestimo Iteration: 1
2026-07-17 18:01:34,609 INFO aestimo calculation time  1.7589 s
2026-07-17 18:01:35,949 INFO aestimo Total layer number: 5
2026-07-17 18:01:35,949 INFO aestimo Total number of materials in database: 27
2026-07-17 18:01:55,461 INFO aestimo Ntotal2d 4.82e-08 m**-2
2026-07-17 18:01:55,468 INFO aestimo Iteration: 1
2026-07-17 18:01:56,659 INFO aestimo calculation time  1.19061 s
2026-07-17 18:01:57,904 INFO aestimo Total layer number: 5
2026-07-17 18:01:57,905 INFO aestimo Total number of materials in database: 27
2026-07-17 18:02:18,187 INFO aestimo Ntotal2d 4.82e-08 m**-2
2026-07-17 18:02:18,196 INFO aestimo Iteration: 1
2026-07-17 18:02:19,634 INFO aestimo calculation time  1.43812 s
2026-07-17 18:02:20,883 INFO aestimo Total layer number: 5
2026-07-17 18:02:20,884 INFO aestimo Total number of materials in database: 27
2026-07-17 18:02:44,714 INFO aestimo Ntotal2d 4.82e-08 m**-2
2026-07-17 18:02:44,723 INFO aestimo Iteration: 1
2026-07-17 18:02:46,370 INFO aestimo calculation time  1.6468 s
2026-07-17 18:02:48,048 INFO aestimo Total layer number: 5
2026-07-17 18:02:48,049 INFO aestimo Total number of materials in database: 27
2026-07-17 18:03:09,586 INFO aestimo Ntotal2d 4.82e-08 m**-2
2026-07-17 18:03:09,597 INFO aestimo Iteration: 1
2026-07-17 18:03:11,941 INFO aestimo calculation time  2.34402 s
2026-07-17 18:03:13,326 INFO aestimo Total layer number: 5
2026-07-17 18:03:13,326 INFO aestimo Total number of materials in database: 27
2026-07-17 18:03:34,455 INFO aestimo Ntotal2d 4.82e-08 m**-2
2026-07-17 18:03:34,466 INFO aestimo Iteration: 1
2026-07-17 18:03:36,604 INFO aestimo calculation time  2.1379 s
2026-07-17 18:03:38,260 INFO aestimo Total layer number: 5
2026-07-17 18:03:38,260 INFO aestimo Total number of materials in database: 27
2026-07-17 18:04:00,684 INFO aestimo Ntotal2d 4.82e-08 m**-2
2026-07-17 18:04:00,693 INFO aestimo Iteration: 1
2026-07-17 18:04:02,186 INFO aestimo calculation time  1.49274 s
2026-07-17 18:04:03,454 INFO aestimo Total layer number: 5
2026-07-17 18:04:03,454 INFO aestimo Total number of materials in database: 27
2026-07-17 18:04:27,256 INFO aestimo Ntotal2d 4.82e-08 m**-2
2026-07-17 18:04:27,274 INFO aestimo Iteration: 1
2026-07-17 18:04:28,948 INFO aestimo calculation time  1.67341 s
2026-07-17 18:04:30,559 INFO aestimo Total layer number: 5
2026-07-17 18:04:30,559 INFO aestimo Total number of materials in database: 27
2026-07-17 18:04:51,158 INFO aestimo Ntotal2d 4.82e-08 m**-2
2026-07-17 18:04:51,168 INFO aestimo Iteration: 1
2026-07-17 18:04:52,880 INFO aestimo calculation time  1.71289 s
2026-07-17 18:04:54,333 INFO aestimo Total layer number: 5
2026-07-17 18:04:54,333 INFO aestimo Total number of materials in database: 27
2026-07-17 18:05:14,757 INFO aestimo Ntotal2d 4.82e-08 m**-2
2026-07-17 18:05:14,763 INFO aestimo Iteration: 1
2026-07-17 18:05:16,066 INFO aestimo calculation time  1.30221 s
2026-07-17 18:05:18,390 INFO aestimo Total layer number: 35
2026-07-17 18:05:18,390 INFO aestimo Total number of materials in database: 27
2026-07-17 18:05:19,791 INFO aestimo Total layer number: 5
2026-07-17 18:05:19,792 INFO aestimo Total number of materials in database: 27
2026-07-17 18:05:41,842 INFO aestimo Ntotal2d 4.82e-08 m**-2
2026-07-17 18:05:41,859 INFO aestimo Iteration: 1
2026-07-17 18:05:43,732 INFO aestimo Ntotal2d 4.82e-08 m**-2
2026-07-17 18:05:43,746 INFO aestimo Iteration: 1
2026-07-17 18:05:43,792 INFO aestimo calculation time  1.93253 s
2026-07-17 18:05:46,088 INFO aestimo calculation time  2.34201 s
2026-07-17 18:05:48,687 INFO aestimo Total layer number: 5
2026-07-17 18:05:48,687 INFO aestimo Total number of materials in database: 27
2026-07-17 18:06:07,873 INFO aestimo Ntotal2d 4.82e-08 m**-2
2026-07-17 18:06:07,885 INFO aestimo Iteration: 1
2026-07-17 18:06:09,612 INFO aestimo calculation time  1.72597 s
2026-07-17 18:06:10,794 INFO aestimo Total layer number: 5
2026-07-17 18:06:10,794 INFO aestimo Total number of materials in database: 27
2026-07-17 18:06:29,270 INFO aestimo Ntotal2d 4.82e-08 m**-2
2026-07-17 18:06:29,283 INFO aestimo Iteration: 1
2026-07-17 18:06:31,046 INFO aestimo calculation time  1.76339 s
2026-07-17 18:06:32,140 INFO aestimo Total layer number: 5
2026-07-17 18:06:32,140 INFO aestimo Total number of materials in database: 27
2026-07-17 18:06:50,208 INFO aestimo Ntotal2d 4.82e-08 m**-2
2026-07-17 18:06:50,216 INFO aestimo Iteration: 1
2026-07-17 18:06:51,351 INFO aestimo calculation time  1.1353 s
2026-07-17 18:06:52,497 INFO aestimo Total layer number: 5
2026-07-17 18:06:52,503 INFO aestimo Total number of materials in database: 27
2026-07-17 18:07:08,527 INFO aestimo Ntotal2d 4.82e-08 m**-2
2026-07-17 18:07:08,534 INFO aestimo Iteration: 1
2026-07-17 18:07:10,040 INFO aestimo calculation time  1.50607 s
2026-07-17 18:07:10,938 INFO aestimo Total layer number: 5
2026-07-17 18:07:10,938 INFO aestimo Total number of materials in database: 27
2026-07-17 18:07:29,048 INFO aestimo Ntotal2d 4.82e-08 m**-2
2026-07-17 18:07:29,059 INFO aestimo Iteration: 1
2026-07-17 18:07:30,363 INFO aestimo calculation time  1.30448 s
2026-07-17 18:07:31,448 INFO aestimo Total layer number: 5
2026-07-17 18:07:31,448 INFO aestimo Total number of materials in database: 27
2026-07-17 18:07:51,175 INFO aestimo Ntotal2d 4.82e-08 m**-2
2026-07-17 18:07:51,183 INFO aestimo Iteration: 1
2026-07-17 18:07:52,387 INFO aestimo calculation time  1.20392 s
2026-07-17 18:07:53,505 INFO aestimo Total layer number: 5
2026-07-17 18:07:53,506 INFO aestimo Total number of materials in database: 27
2026-07-17 18:08:12,517 INFO aestimo Ntotal2d 4.82e-08 m**-2
2026-07-17 18:08:12,524 INFO aestimo Iteration: 1
2026-07-17 18:08:13,720 INFO aestimo calculation time  1.19674 s
2026-07-17 18:08:14,775 INFO aestimo Total layer number: 5
2026-07-17 18:08:14,775 INFO aestimo Total number of materials in database: 27
2026-07-17 18:08:31,847 INFO aestimo Ntotal2d 4.82e-08 m**-2
2026-07-17 18:08:31,855 INFO aestimo Iteration: 1
2026-07-17 18:08:32,877 INFO aestimo calculation time  1.0223 s
2026-07-17 18:08:33,994 INFO aestimo Total layer number: 5
2026-07-17 18:08:33,994 INFO aestimo Total number of materials in database: 27
2026-07-17 18:08:48,180 INFO aestimo Ntotal2d 4.82e-08 m**-2
2026-07-17 18:08:48,185 INFO aestimo Iteration: 1
2026-07-17 18:08:49,007 INFO aestimo calculation time  0.8216 s
2026-07-17 18:08:49,801 INFO aestimo Total layer number: 5
2026-07-17 18:08:49,801 INFO aestimo Total number of materials in database: 27
2026-07-17 18:09:03,024 INFO aestimo Ntotal2d 4.82e-08 m**-2
2026-07-17 18:09:03,030 INFO aestimo Iteration: 1
2026-07-17 18:09:04,002 INFO aestimo calculation time  0.971449 s
2026-07-17 18:09:04,870 INFO aestimo Total layer number: 5
2026-07-17 18:09:04,870 INFO aestimo Total number of materials in database: 27
2026-07-17 18:09:20,420 INFO aestimo Ntotal2d 4.82e-08 m**-2
2026-07-17 18:09:20,426 INFO aestimo Iteration: 1
2026-07-17 18:09:21,783 INFO aestimo calculation time  1.35652 s
2026-07-17 18:09:23,006 INFO aestimo Total layer number: 5
2026-07-17 18:09:23,006 INFO aestimo Total number of materials in database: 27
2026-07-17 18:09:38,414 INFO aestimo Ntotal2d 4.82e-08 m**-2
2026-07-17 18:09:38,421 INFO aestimo Iteration: 1
2026-07-17 18:09:39,405 INFO aestimo calculation time  0.98456 s
2026-07-17 18:09:40,346 INFO aestimo Total layer number: 5
2026-07-17 18:09:40,347 INFO aestimo Total number of materials in database: 27
2026-07-17 18:09:54,607 INFO aestimo Ntotal2d 4.82e-08 m**-2
2026-07-17 18:09:54,616 INFO aestimo Iteration: 1
2026-07-17 18:09:55,426 INFO aestimo calculation time  0.810492 s
2026-07-17 18:09:56,722 INFO aestimo Total layer number: 35
2026-07-17 18:09:56,722 INFO aestimo Total number of materials in database: 27
2026-07-17 18:10:12,410 INFO aestimo Ntotal2d 4.82e-08 m**-2
2026-07-17 18:10:12,416 INFO aestimo Iteration: 1
2026-07-17 18:10:13,590 INFO aestimo calculation time  1.17403 s
