{
  "phase": "phase2_aestimo",
  "timestamp": "20260717_154014",
  "git_commit": "84148d17a2eed22daae44945a74aa701e66aac8a",
  "seed": 0,
  "argv": [
    "run_states.py",
    "--variant",
    "ideal",
    "--al",
    "0.55"
  ],
  "versions": {
    "python": "3.11.15",
    "platform": "Windows-10-10.0.26200-SP0",
    "numpy": "2.4.6",
    "scipy": "1.17.1",
    "matplotlib": "3.11.0",
    "yaml": "6.0.3",
    "torch": "2.12.1+cpu",
    "kdotpy": "1.4.0",
    "grcwa": "0.1.2",
    "h5py": "3.16.0",
    "pandas": "3.0.3"
  },
  "variant": "ideal"
}
[15:40:17] calibrated x* = 0.55
[15:40:31] ideal: E11=2.9183 E22=3.0794 dz22=828321845.355 {'HH1_wide': True, 'HH2_wide': True, 'CB1_wide': True, 'CB2_narrow': True}