{
  "phase": "phase5_metasurface",
  "timestamp": "20260717_200639",
  "git_commit": "3c0bcea0e11498cea1162378cc00ea18dd6d5a3f",
  "seed": 0,
  "argv": [
    "run_metasurface.py",
    "--mode",
    "transmission",
    "--nlam",
    "241"
  ],
  "versions": {
    "python": "3.11.15",
    "platform": "Windows-10-10.0.26200-SP0",
    "numpy": "2.4.6",
    "scipy": "1.17.1",
    "matplotlib": "3.11.0",
    "yaml": "6.0.3",
    "torch": "2.12.1+cpu",
    "kdotpy": "1.4.0",
    "grcwa": "0.1.2",
    "h5py": "3.16.0",
    "pandas": "3.0.3"
  },
  "mode": "transmission",
  "nG": 101
}
[20:12:35] angle 0.00 deg done (min T=0.214)
[20:19:05] angle 0.30 deg done (min T=0.033)
[20:24:44] angle 1.00 deg done (min T=0.339)
[20:29:45] angle 2.00 deg done (min T=0.222)
[20:32:27] angle 4.00 deg done (min T=0.332)
[20:34:42] angle 8.00 deg done (min T=0.357)